AlarmClock3.0/samples/ShareIt/build/outputs/logs/manifest-merger-debug-report.txt
-- Merging decision tree log ---
manifest
ADDED from samples\ShareIt\AndroidManifest.xml:22:1-56:12
	package
		ADDED from samples\ShareIt\AndroidManifest.xml:23:5-34
		INJECTED from samples\ShareIt\AndroidManifest.xml
		INJECTED from samples\ShareIt\AndroidManifest.xml
	xmlns:android
		ADDED from samples\ShareIt\AndroidManifest.xml:22:11-69
uses-permission#android.permission.INTERNET
ADDED from samples\ShareIt\AndroidManifest.xml:25:5-67
	android:name
		ADDED from samples\ShareIt\AndroidManifest.xml:25:22-64
application
ADDED from samples\ShareIt\AndroidManifest.xml:27:5-54:19
MERGED from [com.facebook.android:facebook:4.6.0] AndroidManifest.xml:28:5-20
MERGED from [com.android.support:support-v4:22.2.0] AndroidManifest.xml:22:5-20
MERGED from [com.android.support:appcompat-v7:22.2.0] AndroidManifest.xml:22:5-20
MERGED from [com.android.support:support-v4:22.2.0] AndroidManifest.xml:22:5-20
	android:label
		ADDED from samples\ShareIt\AndroidManifest.xml:31:9-41
	android:allowBackup
		ADDED from samples\ShareIt\AndroidManifest.xml:29:9-35
	android:icon
		ADDED from samples\ShareIt\AndroidManifest.xml:30:9-38
	android:theme
		ADDED from samples\ShareIt\AndroidManifest.xml:32:9-40
	android:name
		ADDED from samples\ShareIt\AndroidManifest.xml:28:9-62
activity#com.example.shareit.MainActivity
ADDED from samples\ShareIt\AndroidManifest.xml:33:9-41:20
	android:label
		ADDED from samples\ShareIt\AndroidManifest.xml:35:13-45
	android:theme
		ADDED from samples\ShareIt\AndroidManifest.xml:36:13-51
	android:name
		ADDED from samples\ShareIt\AndroidManifest.xml:34:13-41
intent-filter#android.intent.action.MAIN+android.intent.category.LAUNCHER
ADDED from samples\ShareIt\AndroidManifest.xml:37:13-40:29
action#android.intent.action.MAIN
ADDED from samples\ShareIt\AndroidManifest.xml:38:17-69
	android:name
		ADDED from samples\ShareIt\AndroidManifest.xml:38:25-66
category#android.intent.category.LAUNCHER
ADDED from samples\ShareIt\AndroidManifest.xml:39:17-77
	android:name
		ADDED from samples\ShareIt\AndroidManifest.xml:39:27-74
activity#com.facebook.FacebookActivity
ADDED from samples\ShareIt\AndroidManifest.xml:42:9-46:75
	android:label
		ADDED from samples\ShareIt\AndroidManifest.xml:45:13-45
	android:configChanges
		ADDED from samples\ShareIt\AndroidManifest.xml:44:13-96
	android:theme
		ADDED from samples\ShareIt\AndroidManifest.xml:46:13-72
	android:name
		ADDED from samples\ShareIt\AndroidManifest.xml:43:13-57
meta-data#com.facebook.sdk.ApplicationId
ADDED from samples\ShareIt\AndroidManifest.xml:48:9-50:49
	android:value
		ADDED from samples\ShareIt\AndroidManifest.xml:50:13-46
	android:name
		ADDED from samples\ShareIt\AndroidManifest.xml:49:13-58
meta-data#com.facebook.sdk.ApplicationName
ADDED from samples\ShareIt\AndroidManifest.xml:51:9-53:48
	android:value
		ADDED from samples\ShareIt\AndroidManifest.xml:53:13-45
	android:name
		ADDED from samples\ShareIt\AndroidManifest.xml:52:13-60
uses-sdk
INJECTED from samples\ShareIt\AndroidManifest.xml reason: use-sdk injection requested
MERGED from [com.facebook.android:facebook:4.6.0] AndroidManifest.xml:24:5-26:41
MERGED from [com.android.support:support-v4:22.2.0] AndroidManifest.xml:20:5-43
MERGED from [com.android.support:appcompat-v7:22.2.0] AndroidManifest.xml:20:5-43
MERGED from [com.android.support:support-v4:22.2.0] AndroidManifest.xml:20:5-43
	android:targetSdkVersion
		INJECTED from samples\ShareIt\AndroidManifest.xml
		INJECTED from samples\ShareIt\AndroidManifest.xml
	android:minSdkVersion
		INJECTED from samples\ShareIt\AndroidManifest.xml
		INJECTED from samples\ShareIt\AndroidManifest.xml